c:\users\mikkel\desktop\convacheats csgo\wippy_csgo\release\vc120.pdb
c:\users\mikkel\desktop\convacheats csgo\wippy_csgo\release\modelexecute.obj
c:\users\mikkel\desktop\convacheats csgo\wippy_csgo\release\menu.obj
c:\users\mikkel\desktop\convacheats csgo\wippy_csgo\release\md5.obj
c:\users\mikkel\desktop\convacheats csgo\wippy_csgo\release\main.obj
c:\users\mikkel\desktop\convacheats csgo\wippy_csgo\release\inifile.obj
c:\users\mikkel\desktop\convacheats csgo\wippy_csgo\release\framestage.obj
c:\users\mikkel\desktop\convacheats csgo\wippy_csgo\release\cvars.obj
c:\users\mikkel\desktop\convacheats csgo\wippy_csgo\release\cvalve.obj
c:\users\mikkel\desktop\convacheats csgo\wippy_csgo\release\cspread.obj
c:\users\mikkel\desktop\convacheats csgo\wippy_csgo\release\counter.obj
c:\users\mikkel\desktop\convacheats csgo\wippy_csgo\release\cmath.obj
c:\users\mikkel\desktop\convacheats csgo\wippy_csgo\release\client.obj
c:\users\mikkel\desktop\convacheats csgo\wippy_csgo\release\checksum_crc.obj
c:\users\mikkel\desktop\convacheats csgo\wippy_csgo\release\cglowobjectmanager.obj
c:\users\mikkel\desktop\convacheats csgo\wippy_csgo\release\cgameeventmanager.obj
c:\users\mikkel\desktop\convacheats csgo\wippy_csgo\release\cdraw.obj
c:\users\mikkel\desktop\convacheats csgo\wippy_csgo\release\cdebugoverlay.obj
c:\users\mikkel\desktop\convacheats csgo\wippy_csgo\release\caimbot.obj
c:\users\mikkel\desktop\convacheats csgo\wippy_csgo\release\antiaim.obj
c:\users\mikkel\desktop\convacheats csgo\wippy_csgo\release\anglestuff.obj
c:\users\mikkel\desktop\convacheats csgo\wippy_csgo\release\utils.obj
c:\users\mikkel\desktop\convacheats csgo\wippy_csgo\release\panel.obj
c:\users\mikkel\desktop\convacheats csgo\wippy_csgo\release\netvars.obj
c:\users\mikkel\desktop\convacheats csgo\wippy_csgo\release\mousegui.obj
c:\users\mikkel\desktop\convacheats csgo\wippy_csgo\release\mouse.obj
c:\users\mikkel\desktop\convacheats csgo\wippy_csgo\release\timesimulator.obj
c:\users\mikkel\desktop\convacheats csgo\wippy_csgo\convacheats\convacheats.dll
c:\users\mikkel\desktop\convacheats csgo\wippy_csgo\convacheats\convacheats.pdb
c:\users\mikkel\desktop\convacheats csgo\wippy_csgo\.\convacheats\convacheats.dll
c:\users\mikkel\desktop\convacheats csgo\wippy_csgo\release\convacheats csgo.tlog\cl.command.1.tlog
c:\users\mikkel\desktop\convacheats csgo\wippy_csgo\release\convacheats csgo.tlog\cl.read.1.tlog
c:\users\mikkel\desktop\convacheats csgo\wippy_csgo\release\convacheats csgo.tlog\cl.write.1.tlog
c:\users\mikkel\desktop\convacheats csgo\wippy_csgo\release\convacheats csgo.tlog\link.command.1.tlog
c:\users\mikkel\desktop\convacheats csgo\wippy_csgo\release\convacheats csgo.tlog\link.read.1.tlog
c:\users\mikkel\desktop\convacheats csgo\wippy_csgo\release\convacheats csgo.tlog\link.write.1.tlog
