e:\visual studio\wippy_csgo\wippy_csgo\release\vc120.pdb
e:\visual studio\wippy_csgo\wippy_csgo\release\netvars.obj
e:\visual studio\wippy_csgo\wippy_csgo\release\main.obj
e:\visual studio\wippy_csgo\wippy_csgo\release\checksum_crc.obj
e:\visual studio\wippy_csgo\wippy_csgo\release\utils.obj
e:\visual studio\wippy_csgo\wippy_csgo\release\panel.obj
e:\visual studio\wippy_csgo\wippy_csgo\release\md5.obj
e:\visual studio\wippy_csgo\wippy_csgo\release\counter.obj
e:\visual studio\wippy_csgo\wippy_csgo\release\client.obj
e:\visual studio\wippy_csgo\wippy_csgo\release\cvalve.obj
e:\visual studio\wippy_csgo\wippy_csgo\release\cspread.obj
e:\visual studio\wippy_csgo\wippy_csgo\release\cmath.obj
e:\visual studio\wippy_csgo\wippy_csgo\release\cglowobjectmanager.obj
e:\visual studio\wippy_csgo\wippy_csgo\release\cgameeventmanager.obj
e:\visual studio\wippy_csgo\wippy_csgo\release\cdraw.obj
e:\visual studio\wippy_csgo\wippy_csgo\release\cdebugoverlay.obj
e:\visual studio\wippy_csgo\wippy_csgo\release\caimbot.obj
e:\visual studio\wippy_csgo\wippy_csgo\release\mouse.obj
e:\visual studio\wippy_csgo\wippy_csgo\release\cvars.obj
e:\visual studio\wippy_csgo\release\wippy_csgo.dll
e:\visual studio\wippy_csgo\release\wippy_csgo.pdb
e:\visual studio\wippy_csgo\wippy_csgo\release\wippy_csgo.tlog\cl.command.1.tlog
e:\visual studio\wippy_csgo\wippy_csgo\release\wippy_csgo.tlog\cl.read.1.tlog
e:\visual studio\wippy_csgo\wippy_csgo\release\wippy_csgo.tlog\cl.write.1.tlog
e:\visual studio\wippy_csgo\wippy_csgo\release\wippy_csgo.tlog\link.command.1.tlog
e:\visual studio\wippy_csgo\wippy_csgo\release\wippy_csgo.tlog\link.read.1.tlog
e:\visual studio\wippy_csgo\wippy_csgo\release\wippy_csgo.tlog\link.write.1.tlog
